/root/miniconda3/envs/genomeanalysis/lib/python3.6/site-packages/quast-5.0.2-py3.6.egg-info/scripts/quast.py abyssoutgalaxy/scaffolds.fasta -o quastabyssgalaxy

Version: 5.0.2

System information:
  OS: Linux-5.15.167.4-microsoft-standard-WSL2-x86_64-with-debian-trixie-sid (linux_64)
  Python version: 3.6.13
  CPUs number: 20

Started: 2025-05-13 22:20:02

Logging to /mnt/c/Users/avinz/OneDrive/Desktop/finalprojectwholegenome/quastabyssgalaxy/quast.log
NOTICE: Maximum number of threads is set to 5 (use --threads option to set it manually)

CWD: /mnt/c/Users/avinz/OneDrive/Desktop/finalprojectwholegenome
Main parameters: 
  MODE: default, threads: 5, minimum contig length: 500, minimum alignment length: 65, \
  ambiguity: one, threshold for extensive misassembly size: 1000

Contigs:
  Pre-processing...
  abyssoutgalaxy/scaffolds.fasta ==> scaffolds

2025-05-13 22:20:03
Running Basic statistics processor...
  Contig files: 
    scaffolds
  Calculating N50 and L50...
    scaffolds, N50 = 5059, L50 = 262, Total length = 8583505, GC % = 61.41, # N's per 100 kbp =  33.58
  Drawing Nx plot...
    saved to /mnt/c/Users/avinz/OneDrive/Desktop/finalprojectwholegenome/quastabyssgalaxy/basic_stats/Nx_plot.pdf
  Drawing cumulative plot...
    saved to /mnt/c/Users/avinz/OneDrive/Desktop/finalprojectwholegenome/quastabyssgalaxy/basic_stats/cumulative_plot.pdf
  Drawing GC content plot...
    saved to /mnt/c/Users/avinz/OneDrive/Desktop/finalprojectwholegenome/quastabyssgalaxy/basic_stats/GC_content_plot.pdf
  Drawing scaffolds GC content plot...
    saved to /mnt/c/Users/avinz/OneDrive/Desktop/finalprojectwholegenome/quastabyssgalaxy/basic_stats/scaffolds_GC_content_plot.pdf
Done.

NOTICE: Genes are not predicted by default. Use --gene-finding or --glimmer option to enable it.

2025-05-13 22:20:06
Creating large visual summaries...
This may take a while: press Ctrl-C to skip this step..
  1 of 2: Creating Icarus viewers...
  2 of 2: Creating PDF with all tables and plots...
Done

2025-05-13 22:20:07
RESULTS:
  Text versions of total report are saved to /mnt/c/Users/avinz/OneDrive/Desktop/finalprojectwholegenome/quastabyssgalaxy/report.txt, report.tsv, and report.tex
  Text versions of transposed total report are saved to /mnt/c/Users/avinz/OneDrive/Desktop/finalprojectwholegenome/quastabyssgalaxy/transposed_report.txt, transposed_report.tsv, and transposed_report.tex
  HTML version (interactive tables and plots) is saved to /mnt/c/Users/avinz/OneDrive/Desktop/finalprojectwholegenome/quastabyssgalaxy/report.html
  PDF version (tables and plots) is saved to /mnt/c/Users/avinz/OneDrive/Desktop/finalprojectwholegenome/quastabyssgalaxy/report.pdf
  Icarus (contig browser) is saved to /mnt/c/Users/avinz/OneDrive/Desktop/finalprojectwholegenome/quastabyssgalaxy/icarus.html
  Log is saved to /mnt/c/Users/avinz/OneDrive/Desktop/finalprojectwholegenome/quastabyssgalaxy/quast.log

Finished: 2025-05-13 22:20:09
Elapsed time: 0:00:06.557498
NOTICEs: 2; WARNINGs: 1; non-fatal ERRORs: 0

Thank you for using QUAST!
