/root/miniconda3/envs/genomeanalysis/lib/python3.6/site-packages/quast-5.0.2-py3.6.egg-info/scripts/quast.py spadesoutgalaxy/scaffolds.fasta -o quastspadesgalaxy

Version: 5.0.2

System information:
  OS: Linux-5.15.167.4-microsoft-standard-WSL2-x86_64-with-debian-trixie-sid (linux_64)
  Python version: 3.6.13
  CPUs number: 20

Started: 2025-05-13 22:17:30

Logging to /mnt/c/Users/avinz/OneDrive/Desktop/finalprojectwholegenome/quastspadesgalaxy/quast.log
NOTICE: Maximum number of threads is set to 5 (use --threads option to set it manually)

CWD: /mnt/c/Users/avinz/OneDrive/Desktop/finalprojectwholegenome
Main parameters: 
  MODE: default, threads: 5, minimum contig length: 500, minimum alignment length: 65, \
  ambiguity: one, threshold for extensive misassembly size: 1000

Contigs:
  Pre-processing...
  spadesoutgalaxy/scaffolds.fasta ==> scaffolds

2025-05-13 22:17:31
Running Basic statistics processor...
  Contig files: 
    scaffolds
  Calculating N50 and L50...
    scaffolds, N50 = 111816, L50 = 23, Total length = 8849596, GC % = 61.74, # N's per 100 kbp =  50.06
  Drawing Nx plot...
    saved to /mnt/c/Users/avinz/OneDrive/Desktop/finalprojectwholegenome/quastspadesgalaxy/basic_stats/Nx_plot.pdf
  Drawing cumulative plot...
    saved to /mnt/c/Users/avinz/OneDrive/Desktop/finalprojectwholegenome/quastspadesgalaxy/basic_stats/cumulative_plot.pdf
  Drawing GC content plot...
    saved to /mnt/c/Users/avinz/OneDrive/Desktop/finalprojectwholegenome/quastspadesgalaxy/basic_stats/GC_content_plot.pdf
  Drawing scaffolds GC content plot...
    saved to /mnt/c/Users/avinz/OneDrive/Desktop/finalprojectwholegenome/quastspadesgalaxy/basic_stats/scaffolds_GC_content_plot.pdf
  Drawing Coverage histogram (bin size: 51x)...
    saved to /mnt/c/Users/avinz/OneDrive/Desktop/finalprojectwholegenome/quastspadesgalaxy/basic_stats/coverage_histogram.pdf
  Drawing scaffolds coverage histogram (bin size: 51x)...
    saved to /mnt/c/Users/avinz/OneDrive/Desktop/finalprojectwholegenome/quastspadesgalaxy/basic_stats/scaffolds_coverage_histogram.pdf
Done.

NOTICE: Genes are not predicted by default. Use --gene-finding or --glimmer option to enable it.

2025-05-13 22:17:36
Creating large visual summaries...
This may take a while: press Ctrl-C to skip this step..
  1 of 2: Creating Icarus viewers...
  2 of 2: Creating PDF with all tables and plots...
Done

2025-05-13 22:17:36
RESULTS:
  Text versions of total report are saved to /mnt/c/Users/avinz/OneDrive/Desktop/finalprojectwholegenome/quastspadesgalaxy/report.txt, report.tsv, and report.tex
  Text versions of transposed total report are saved to /mnt/c/Users/avinz/OneDrive/Desktop/finalprojectwholegenome/quastspadesgalaxy/transposed_report.txt, transposed_report.tsv, and transposed_report.tex
  HTML version (interactive tables and plots) is saved to /mnt/c/Users/avinz/OneDrive/Desktop/finalprojectwholegenome/quastspadesgalaxy/report.html
  PDF version (tables and plots) is saved to /mnt/c/Users/avinz/OneDrive/Desktop/finalprojectwholegenome/quastspadesgalaxy/report.pdf
  Icarus (contig browser) is saved to /mnt/c/Users/avinz/OneDrive/Desktop/finalprojectwholegenome/quastspadesgalaxy/icarus.html
  Log is saved to /mnt/c/Users/avinz/OneDrive/Desktop/finalprojectwholegenome/quastspadesgalaxy/quast.log

Finished: 2025-05-13 22:17:38
Elapsed time: 0:00:08.303038
NOTICEs: 2; WARNINGs: 1; non-fatal ERRORs: 0

Thank you for using QUAST!
